2025-10-29 03:03:51,076 - __main__ - INFO - Connecting to database... ensuring tables exist.
2025-10-29 03:03:51,137 - __main__ - INFO - SQLite database tables verified successfully.
2025-10-29 03:10:30,593 - __main__ - INFO - Serving static files from: C:\Users\apoor\OneDrive\Desktop\Amazon_tool\amazon_tool\frontend
2025-10-29 03:10:30,602 - __main__ - INFO - Starting server on 0.0.0.0:8000 with log level INFO
2025-10-29 03:10:31,408 - __mp_main__ - INFO - Serving static files from: C:\Users\apoor\OneDrive\Desktop\Amazon_tool\amazon_tool\frontend
2025-10-29 03:10:32,323 - main - INFO - Serving static files from: C:\Users\apoor\OneDrive\Desktop\Amazon_tool\amazon_tool\frontend
2025-10-29 03:10:32,332 - main - INFO - Application starting up...
2025-10-29 03:10:32,333 - main - INFO - Initializing SQLite database...
2025-10-29 03:10:32,339 - database_setup - INFO - Connecting to database... ensuring tables exist.
2025-10-29 03:10:32,344 - database_setup - INFO - SQLite database tables verified successfully.
2025-10-29 03:10:32,345 - main - INFO - Starting scheduler thread...
2025-10-29 03:10:32,346 - services.scheduler_service - INFO - Scheduler started.
2025-10-29 03:11:32,378 - services.scheduler_service - INFO - Scheduler running: Managing scheduled states...
2025-10-29 03:11:32,379 - services.proevent_service - INFO - Scheduler running: Checking all building states...
2025-10-29 03:11:32,380 - services.proserver_service - INFO - Connecting to ProServer DB to get all building arm states...
2025-10-29 03:11:32,468 - services.proserver_service - ERROR - ProServer DB transaction error: ('IM002', '[IM002] [Microsoft][ODBC Driver Manager] Data source name not found and no default driver specified (0) (SQLDriverConnect)')
2025-10-29 03:11:32,469 - services.proserver_service - ERROR - Failed to query ProServer DB for building arm states: ('IM002', '[IM002] [Microsoft][ODBC Driver Manager] Data source name not found and no default driver specified (0) (SQLDriverConnect)')
2025-10-29 03:11:32,470 - services.cache_service - DEBUG - Getting value from cache for key: building_schedule_states
2025-10-29 03:11:32,471 - cache - WARNING - Cache file not found at app_cache.json. Creating a new one.
2025-10-29 03:11:32,472 - cache - INFO - Cache file created.
2025-10-29 03:11:32,472 - services.device_service - ERROR - Error getting distinct buildings: module 'services.proserver_service' has no attribute 'get_all_distinct_buildings_from_db'
2025-10-29 03:11:32,473 - services.proevent_service - INFO - No buildings found in device list.
2025-10-29 03:12:32,499 - services.scheduler_service - INFO - Scheduler running: Managing scheduled states...
2025-10-29 03:12:32,500 - services.proevent_service - INFO - Scheduler running: Checking all building states...
2025-10-29 03:12:32,501 - services.proserver_service - INFO - Connecting to ProServer DB to get all building arm states...
2025-10-29 03:12:32,504 - services.proserver_service - ERROR - ProServer DB transaction error: ('IM002', '[IM002] [Microsoft][ODBC Driver Manager] Data source name not found and no default driver specified (0) (SQLDriverConnect)')
2025-10-29 03:12:32,504 - services.proserver_service - ERROR - Failed to query ProServer DB for building arm states: ('IM002', '[IM002] [Microsoft][ODBC Driver Manager] Data source name not found and no default driver specified (0) (SQLDriverConnect)')
2025-10-29 03:12:32,505 - services.cache_service - DEBUG - Getting value from cache for key: building_schedule_states
2025-10-29 03:12:32,517 - cache - INFO - Cache loaded from file.
2025-10-29 03:12:32,519 - services.device_service - ERROR - Error getting distinct buildings: module 'services.proserver_service' has no attribute 'get_all_distinct_buildings_from_db'
2025-10-29 03:12:32,521 - services.proevent_service - INFO - No buildings found in device list.
2025-10-29 03:13:32,547 - services.scheduler_service - INFO - Scheduler running: Managing scheduled states...
2025-10-29 03:13:32,548 - services.proevent_service - INFO - Scheduler running: Checking all building states...
2025-10-29 03:13:32,548 - services.proserver_service - INFO - Connecting to ProServer DB to get all building arm states...
2025-10-29 03:13:32,550 - services.proserver_service - ERROR - ProServer DB transaction error: ('IM002', '[IM002] [Microsoft][ODBC Driver Manager] Data source name not found and no default driver specified (0) (SQLDriverConnect)')
2025-10-29 03:13:32,551 - services.proserver_service - ERROR - Failed to query ProServer DB for building arm states: ('IM002', '[IM002] [Microsoft][ODBC Driver Manager] Data source name not found and no default driver specified (0) (SQLDriverConnect)')
2025-10-29 03:13:32,551 - services.cache_service - DEBUG - Getting value from cache for key: building_schedule_states
2025-10-29 03:13:32,552 - cache - INFO - Cache loaded from file.
2025-10-29 03:13:32,553 - services.device_service - ERROR - Error getting distinct buildings: module 'services.proserver_service' has no attribute 'get_all_distinct_buildings_from_db'
2025-10-29 03:13:32,553 - services.proevent_service - INFO - No buildings found in device list.
2025-10-29 03:13:54,816 - main - INFO - Application shutting down...
2025-10-29 03:13:56,691 - __mp_main__ - INFO - Serving static files from: C:\Users\apoor\OneDrive\Desktop\Amazon_tool\amazon_tool\frontend
2025-10-29 03:13:56,763 - main - INFO - Serving static files from: C:\Users\apoor\OneDrive\Desktop\Amazon_tool\amazon_tool\frontend
2025-10-29 03:13:56,772 - main - INFO - Application starting up...
2025-10-29 03:13:56,773 - main - INFO - Initializing SQLite database...
2025-10-29 03:13:56,775 - database_setup - INFO - Connecting to database... ensuring tables exist.
2025-10-29 03:13:56,779 - database_setup - INFO - SQLite database tables verified successfully.
2025-10-29 03:13:56,780 - main - INFO - Starting scheduler thread...
2025-10-29 03:13:56,782 - services.scheduler_service - INFO - Scheduler started.
2025-10-29 03:14:32,776 - __main__ - INFO - Serving static files from: C:\Users\apoor\OneDrive\Desktop\Amazon_tool\amazon_tool\frontend
2025-10-29 03:14:32,783 - __main__ - INFO - Starting server on 0.0.0.0:8000 with log level INFO
2025-10-29 03:14:33,712 - __mp_main__ - INFO - Serving static files from: C:\Users\apoor\OneDrive\Desktop\Amazon_tool\amazon_tool\frontend
2025-10-29 03:14:33,752 - main - INFO - Serving static files from: C:\Users\apoor\OneDrive\Desktop\Amazon_tool\amazon_tool\frontend
2025-10-29 03:14:33,760 - main - INFO - Application starting up...
2025-10-29 03:14:33,761 - main - INFO - Initializing SQLite database...
2025-10-29 03:14:33,765 - database_setup - INFO - Connecting to database... ensuring tables exist.
2025-10-29 03:14:33,766 - database_setup - INFO - SQLite database tables verified successfully.
2025-10-29 03:14:33,767 - main - INFO - Starting scheduler thread...
2025-10-29 03:14:33,770 - services.scheduler_service - INFO - Scheduler started.
2025-10-29 03:15:33,833 - services.scheduler_service - INFO - Scheduler running: Managing scheduled states...
2025-10-29 03:15:33,833 - services.proevent_service - INFO - Scheduler running: Checking all building states...
2025-10-29 03:15:33,834 - services.proserver_service - INFO - Connecting to ProServer DB to get all building arm states...
2025-10-29 03:15:33,845 - services.proserver_service - ERROR - ProServer DB transaction error: ('IM002', '[IM002] [Microsoft][ODBC Driver Manager] Data source name not found and no default driver specified (0) (SQLDriverConnect)')
2025-10-29 03:15:33,845 - services.proserver_service - ERROR - Failed to query ProServer DB for building arm states: ('IM002', '[IM002] [Microsoft][ODBC Driver Manager] Data source name not found and no default driver specified (0) (SQLDriverConnect)')
2025-10-29 03:15:33,846 - services.cache_service - DEBUG - Getting value from cache for key: building_schedule_states
2025-10-29 03:15:33,847 - cache - INFO - Cache loaded from file.
2025-10-29 03:15:33,847 - services.proserver_service - INFO - Connecting to ProServer DB to get distinct buildings...
2025-10-29 03:15:33,848 - services.proserver_service - ERROR - ProServer DB transaction error: ('IM002', '[IM002] [Microsoft][ODBC Driver Manager] Data source name not found and no default driver specified (0) (SQLDriverConnect)')
2025-10-29 03:15:33,848 - services.proserver_service - ERROR - Failed to query ProServer DB for distinct buildings: ('IM002', '[IM002] [Microsoft][ODBC Driver Manager] Data source name not found and no default driver specified (0) (SQLDriverConnect)')
2025-10-29 03:15:33,848 - services.proevent_service - INFO - No buildings found in device list.
2025-10-29 03:16:33,879 - services.scheduler_service - INFO - Scheduler running: Managing scheduled states...
2025-10-29 03:16:33,881 - services.proevent_service - INFO - Scheduler running: Checking all building states...
2025-10-29 03:16:33,882 - services.proserver_service - INFO - Connecting to ProServer DB to get all building arm states...
2025-10-29 03:16:33,883 - services.proserver_service - ERROR - ProServer DB transaction error: ('IM002', '[IM002] [Microsoft][ODBC Driver Manager] Data source name not found and no default driver specified (0) (SQLDriverConnect)')
2025-10-29 03:16:33,884 - services.proserver_service - ERROR - Failed to query ProServer DB for building arm states: ('IM002', '[IM002] [Microsoft][ODBC Driver Manager] Data source name not found and no default driver specified (0) (SQLDriverConnect)')
2025-10-29 03:16:33,885 - services.cache_service - DEBUG - Getting value from cache for key: building_schedule_states
2025-10-29 03:16:33,886 - cache - INFO - Cache loaded from file.
2025-10-29 03:16:33,887 - services.proserver_service - INFO - Connecting to ProServer DB to get distinct buildings...
2025-10-29 03:16:33,888 - services.proserver_service - ERROR - ProServer DB transaction error: ('IM002', '[IM002] [Microsoft][ODBC Driver Manager] Data source name not found and no default driver specified (0) (SQLDriverConnect)')
2025-10-29 03:16:33,888 - services.proserver_service - ERROR - Failed to query ProServer DB for distinct buildings: ('IM002', '[IM002] [Microsoft][ODBC Driver Manager] Data source name not found and no default driver specified (0) (SQLDriverConnect)')
2025-10-29 03:16:33,889 - services.proevent_service - INFO - No buildings found in device list.
2025-10-29 03:16:50,235 - main - INFO - Application shutting down...
2025-10-29 03:16:53,151 - __main__ - INFO - Serving static files from: C:\Users\apoor\OneDrive\Desktop\Amazon_tool\amazon_tool\frontend
2025-10-29 03:16:53,209 - __main__ - INFO - Starting server on 0.0.0.0:8000 with log level INFO
2025-10-29 03:16:54,045 - __mp_main__ - INFO - Serving static files from: C:\Users\apoor\OneDrive\Desktop\Amazon_tool\amazon_tool\frontend
2025-10-29 03:16:54,106 - main - INFO - Serving static files from: C:\Users\apoor\OneDrive\Desktop\Amazon_tool\amazon_tool\frontend
2025-10-29 03:16:54,116 - main - INFO - Application starting up...
2025-10-29 03:16:54,116 - main - INFO - Initializing SQLite database...
2025-10-29 03:16:54,119 - database_setup - INFO - Connecting to database... ensuring tables exist.
2025-10-29 03:16:54,124 - database_setup - INFO - SQLite database tables verified successfully.
2025-10-29 03:16:54,124 - main - INFO - Starting scheduler thread...
2025-10-29 03:16:54,128 - services.scheduler_service - INFO - Scheduler started.
2025-10-29 03:17:54,156 - services.scheduler_service - INFO - Scheduler running: Managing scheduled states...
2025-10-29 03:17:54,156 - services.proevent_service - INFO - Scheduler running: Checking all building states...
2025-10-29 03:17:54,157 - services.proserver_service - INFO - Connecting to ProServer DB to get all building arm states...
2025-10-29 03:17:54,165 - services.proserver_service - ERROR - ProServer DB transaction error: ('IM002', '[IM002] [Microsoft][ODBC Driver Manager] Data source name not found and no default driver specified (0) (SQLDriverConnect)')
2025-10-29 03:17:54,165 - services.proserver_service - ERROR - Failed to query ProServer DB for building arm states: ('IM002', '[IM002] [Microsoft][ODBC Driver Manager] Data source name not found and no default driver specified (0) (SQLDriverConnect)')
2025-10-29 03:17:54,166 - services.cache_service - DEBUG - Getting value from cache for key: building_schedule_states
2025-10-29 03:17:54,166 - cache - INFO - Cache loaded from file.
2025-10-29 03:17:54,167 - services.proserver_service - INFO - Connecting to ProServer DB to get distinct buildings...
2025-10-29 03:17:54,167 - services.proserver_service - ERROR - ProServer DB transaction error: ('IM002', '[IM002] [Microsoft][ODBC Driver Manager] Data source name not found and no default driver specified (0) (SQLDriverConnect)')
2025-10-29 03:17:54,168 - services.proserver_service - ERROR - Failed to query ProServer DB for distinct buildings: ('IM002', '[IM002] [Microsoft][ODBC Driver Manager] Data source name not found and no default driver specified (0) (SQLDriverConnect)')
2025-10-29 03:17:54,168 - services.proevent_service - INFO - No buildings found in device list.
2025-10-29 03:18:00,472 - main - INFO - Application shutting down...
2025-10-29 03:18:09,624 - __main__ - INFO - Serving static files from: C:\Users\apoor\OneDrive\Desktop\Amazon_tool\amazon_tool\frontend
2025-10-29 03:18:09,631 - __main__ - INFO - Starting server on 0.0.0.0:8000 with log level INFO
2025-10-29 03:18:10,423 - __mp_main__ - INFO - Serving static files from: C:\Users\apoor\OneDrive\Desktop\Amazon_tool\amazon_tool\frontend
2025-10-29 03:18:10,484 - main - INFO - Serving static files from: C:\Users\apoor\OneDrive\Desktop\Amazon_tool\amazon_tool\frontend
2025-10-29 03:18:10,491 - main - INFO - Application starting up...
2025-10-29 03:18:10,492 - main - INFO - Initializing SQLite database...
2025-10-29 03:18:10,493 - database_setup - INFO - Connecting to database... ensuring tables exist.
2025-10-29 03:18:10,494 - database_setup - INFO - SQLite database tables verified successfully.
2025-10-29 03:18:10,494 - main - INFO - Starting scheduler thread...
2025-10-29 03:18:10,496 - services.scheduler_service - INFO - Scheduler started.
2025-10-29 03:19:10,523 - services.scheduler_service - INFO - Scheduler running: Managing scheduled states...
2025-10-29 03:19:10,523 - services.proevent_service - INFO - Scheduler running: Checking all building states...
2025-10-29 03:19:10,525 - services.proserver_service - INFO - Connecting to ProServer DB to get all building arm states...
2025-10-29 03:19:10,532 - services.proserver_service - ERROR - ProServer DB transaction error: ('IM002', '[IM002] [Microsoft][ODBC Driver Manager] Data source name not found and no default driver specified (0) (SQLDriverConnect)')
2025-10-29 03:19:10,532 - services.proserver_service - ERROR - Failed to query ProServer DB for building arm states: ('IM002', '[IM002] [Microsoft][ODBC Driver Manager] Data source name not found and no default driver specified (0) (SQLDriverConnect)')
2025-10-29 03:19:10,534 - services.cache_service - DEBUG - Getting value from cache for key: building_schedule_states
2025-10-29 03:19:10,535 - cache - INFO - Cache loaded from file.
2025-10-29 03:19:10,536 - services.proserver_service - INFO - Connecting to ProServer DB to get distinct buildings...
2025-10-29 03:19:10,537 - services.proserver_service - ERROR - ProServer DB transaction error: ('IM002', '[IM002] [Microsoft][ODBC Driver Manager] Data source name not found and no default driver specified (0) (SQLDriverConnect)')
2025-10-29 03:19:10,537 - services.proserver_service - ERROR - Failed to query ProServer DB for distinct buildings: ('IM002', '[IM002] [Microsoft][ODBC Driver Manager] Data source name not found and no default driver specified (0) (SQLDriverConnect)')
2025-10-29 03:19:10,538 - services.proevent_service - INFO - No buildings found in device list.
2025-10-29 03:19:50,868 - __main__ - INFO - Serving static files from: C:\Users\apoor\OneDrive\Desktop\Amazon_tool\amazon_tool\frontend
2025-10-29 03:19:50,874 - __main__ - INFO - Starting server on 0.0.0.0:8000 with log level INFO
2025-10-29 03:19:51,652 - __mp_main__ - INFO - Serving static files from: C:\Users\apoor\OneDrive\Desktop\Amazon_tool\amazon_tool\frontend
2025-10-29 03:19:51,708 - main - INFO - Serving static files from: C:\Users\apoor\OneDrive\Desktop\Amazon_tool\amazon_tool\frontend
2025-10-29 03:19:51,715 - main - INFO - Application starting up...
2025-10-29 03:19:51,715 - main - INFO - Initializing SQLite database...
2025-10-29 03:19:51,717 - database_setup - INFO - Connecting to database... ensuring tables exist.
2025-10-29 03:19:51,718 - database_setup - INFO - SQLite database tables verified successfully.
2025-10-29 03:19:51,718 - main - INFO - Starting scheduler thread...
2025-10-29 03:19:51,720 - services.scheduler_service - INFO - Scheduler started.
2025-10-29 03:20:51,753 - services.scheduler_service - INFO - Scheduler running: Managing scheduled states...
2025-10-29 03:20:51,755 - services.proevent_service - INFO - Scheduler running: Checking all building states...
2025-10-29 03:20:51,756 - services.proserver_service - INFO - Connecting to ProServer DB to get all building arm states...
2025-10-29 03:20:51,777 - services.proserver_service - ERROR - ProServer DB transaction error: ('IM002', '[IM002] [Microsoft][ODBC Driver Manager] Data source name not found and no default driver specified (0) (SQLDriverConnect)')
2025-10-29 03:20:51,778 - services.proserver_service - ERROR - Failed to query ProServer DB for building arm states: ('IM002', '[IM002] [Microsoft][ODBC Driver Manager] Data source name not found and no default driver specified (0) (SQLDriverConnect)')
2025-10-29 03:20:51,779 - services.cache_service - DEBUG - Getting value from cache for key: building_schedule_states
2025-10-29 03:20:51,781 - cache - INFO - Cache loaded from file.
2025-10-29 03:20:51,782 - services.proserver_service - INFO - Connecting to ProServer DB to get distinct buildings...
2025-10-29 03:20:51,783 - services.proserver_service - ERROR - ProServer DB transaction error: ('IM002', '[IM002] [Microsoft][ODBC Driver Manager] Data source name not found and no default driver specified (0) (SQLDriverConnect)')
2025-10-29 03:20:51,784 - services.proserver_service - ERROR - Failed to query ProServer DB for distinct buildings: ('IM002', '[IM002] [Microsoft][ODBC Driver Manager] Data source name not found and no default driver specified (0) (SQLDriverConnect)')
2025-10-29 03:20:51,784 - services.proevent_service - INFO - No buildings found in device list.
2025-10-29 03:21:51,817 - services.scheduler_service - INFO - Scheduler running: Managing scheduled states...
2025-10-29 03:21:51,819 - services.proevent_service - INFO - Scheduler running: Checking all building states...
2025-10-29 03:21:51,820 - services.proserver_service - INFO - Connecting to ProServer DB to get all building arm states...
2025-10-29 03:21:51,822 - services.proserver_service - ERROR - ProServer DB transaction error: ('IM002', '[IM002] [Microsoft][ODBC Driver Manager] Data source name not found and no default driver specified (0) (SQLDriverConnect)')
2025-10-29 03:21:51,823 - services.proserver_service - ERROR - Failed to query ProServer DB for building arm states: ('IM002', '[IM002] [Microsoft][ODBC Driver Manager] Data source name not found and no default driver specified (0) (SQLDriverConnect)')
2025-10-29 03:21:51,824 - services.cache_service - DEBUG - Getting value from cache for key: building_schedule_states
2025-10-29 03:21:51,826 - cache - INFO - Cache loaded from file.
2025-10-29 03:21:51,826 - services.proserver_service - INFO - Connecting to ProServer DB to get distinct buildings...
2025-10-29 03:21:51,829 - services.proserver_service - ERROR - ProServer DB transaction error: ('IM002', '[IM002] [Microsoft][ODBC Driver Manager] Data source name not found and no default driver specified (0) (SQLDriverConnect)')
2025-10-29 03:21:51,830 - services.proserver_service - ERROR - Failed to query ProServer DB for distinct buildings: ('IM002', '[IM002] [Microsoft][ODBC Driver Manager] Data source name not found and no default driver specified (0) (SQLDriverConnect)')
2025-10-29 03:21:51,830 - services.proevent_service - INFO - No buildings found in device list.
2025-10-29 03:22:51,861 - services.scheduler_service - INFO - Scheduler running: Managing scheduled states...
2025-10-29 03:22:51,862 - services.proevent_service - INFO - Scheduler running: Checking all building states...
2025-10-29 03:22:51,864 - services.proserver_service - INFO - Connecting to ProServer DB to get all building arm states...
2025-10-29 03:22:51,869 - services.proserver_service - ERROR - ProServer DB transaction error: ('IM002', '[IM002] [Microsoft][ODBC Driver Manager] Data source name not found and no default driver specified (0) (SQLDriverConnect)')
2025-10-29 03:22:51,870 - services.proserver_service - ERROR - Failed to query ProServer DB for building arm states: ('IM002', '[IM002] [Microsoft][ODBC Driver Manager] Data source name not found and no default driver specified (0) (SQLDriverConnect)')
2025-10-29 03:22:51,871 - services.cache_service - DEBUG - Getting value from cache for key: building_schedule_states
2025-10-29 03:22:51,873 - cache - INFO - Cache loaded from file.
2025-10-29 03:22:51,874 - services.proserver_service - INFO - Connecting to ProServer DB to get distinct buildings...
2025-10-29 03:22:51,875 - services.proserver_service - ERROR - ProServer DB transaction error: ('IM002', '[IM002] [Microsoft][ODBC Driver Manager] Data source name not found and no default driver specified (0) (SQLDriverConnect)')
2025-10-29 03:22:51,876 - services.proserver_service - ERROR - Failed to query ProServer DB for distinct buildings: ('IM002', '[IM002] [Microsoft][ODBC Driver Manager] Data source name not found and no default driver specified (0) (SQLDriverConnect)')
2025-10-29 03:22:51,877 - services.proevent_service - INFO - No buildings found in device list.
2025-10-29 03:23:51,929 - services.scheduler_service - INFO - Scheduler running: Managing scheduled states...
2025-10-29 03:23:51,932 - services.proevent_service - INFO - Scheduler running: Checking all building states...
2025-10-29 03:23:51,934 - services.proserver_service - INFO - Connecting to ProServer DB to get all building arm states...
2025-10-29 03:23:51,942 - services.proserver_service - ERROR - ProServer DB transaction error: ('IM002', '[IM002] [Microsoft][ODBC Driver Manager] Data source name not found and no default driver specified (0) (SQLDriverConnect)')
2025-10-29 03:23:51,944 - services.proserver_service - ERROR - Failed to query ProServer DB for building arm states: ('IM002', '[IM002] [Microsoft][ODBC Driver Manager] Data source name not found and no default driver specified (0) (SQLDriverConnect)')
2025-10-29 03:23:51,944 - services.cache_service - DEBUG - Getting value from cache for key: building_schedule_states
2025-10-29 03:23:51,947 - cache - INFO - Cache loaded from file.
2025-10-29 03:23:51,947 - services.proserver_service - INFO - Connecting to ProServer DB to get distinct buildings...
2025-10-29 03:23:51,950 - services.proserver_service - ERROR - ProServer DB transaction error: ('IM002', '[IM002] [Microsoft][ODBC Driver Manager] Data source name not found and no default driver specified (0) (SQLDriverConnect)')
2025-10-29 03:23:51,951 - services.proserver_service - ERROR - Failed to query ProServer DB for distinct buildings: ('IM002', '[IM002] [Microsoft][ODBC Driver Manager] Data source name not found and no default driver specified (0) (SQLDriverConnect)')
2025-10-29 03:23:51,951 - services.proevent_service - INFO - No buildings found in device list.
2025-10-29 03:24:51,986 - services.scheduler_service - INFO - Scheduler running: Managing scheduled states...
2025-10-29 03:24:51,988 - services.proevent_service - INFO - Scheduler running: Checking all building states...
2025-10-29 03:24:51,989 - services.proserver_service - INFO - Connecting to ProServer DB to get all building arm states...
2025-10-29 03:24:51,994 - services.proserver_service - ERROR - ProServer DB transaction error: ('IM002', '[IM002] [Microsoft][ODBC Driver Manager] Data source name not found and no default driver specified (0) (SQLDriverConnect)')
2025-10-29 03:24:51,995 - services.proserver_service - ERROR - Failed to query ProServer DB for building arm states: ('IM002', '[IM002] [Microsoft][ODBC Driver Manager] Data source name not found and no default driver specified (0) (SQLDriverConnect)')
2025-10-29 03:24:51,996 - services.cache_service - DEBUG - Getting value from cache for key: building_schedule_states
2025-10-29 03:24:51,999 - cache - INFO - Cache loaded from file.
2025-10-29 03:24:51,999 - services.proserver_service - INFO - Connecting to ProServer DB to get distinct buildings...
2025-10-29 03:24:52,000 - services.proserver_service - ERROR - ProServer DB transaction error: ('IM002', '[IM002] [Microsoft][ODBC Driver Manager] Data source name not found and no default driver specified (0) (SQLDriverConnect)')
2025-10-29 03:24:52,001 - services.proserver_service - ERROR - Failed to query ProServer DB for distinct buildings: ('IM002', '[IM002] [Microsoft][ODBC Driver Manager] Data source name not found and no default driver specified (0) (SQLDriverConnect)')
2025-10-29 03:24:52,002 - services.proevent_service - INFO - No buildings found in device list.
2025-10-29 03:25:07,975 - main - INFO - Application shutting down...
2025-10-29 03:25:14,059 - __main__ - INFO - Serving static files from: C:\Users\apoor\OneDrive\Desktop\Amazon_tool\amazon_tool\frontend
2025-10-29 03:25:14,066 - __main__ - INFO - Starting server on 0.0.0.0:8000 with log level INFO
2025-10-29 03:25:14,983 - __mp_main__ - INFO - Serving static files from: C:\Users\apoor\OneDrive\Desktop\Amazon_tool\amazon_tool\frontend
2025-10-29 03:25:15,074 - main - INFO - Serving static files from: C:\Users\apoor\OneDrive\Desktop\Amazon_tool\amazon_tool\frontend
2025-10-29 03:25:15,088 - main - INFO - Application starting up...
2025-10-29 03:25:15,089 - main - INFO - Initializing SQLite database...
2025-10-29 03:25:15,094 - database_setup - INFO - Connecting to database... ensuring tables exist.
2025-10-29 03:25:15,101 - database_setup - INFO - SQLite database tables verified successfully.
2025-10-29 03:25:15,103 - main - INFO - Starting scheduler thread...
2025-10-29 03:25:15,106 - services.scheduler_service - INFO - Scheduler started.
2025-10-29 03:26:15,137 - services.scheduler_service - INFO - Scheduler running: Managing scheduled states...
2025-10-29 03:26:15,138 - services.proevent_service - INFO - Scheduler running: Checking all building states...
2025-10-29 03:26:15,139 - services.proserver_service - INFO - Connecting to ProServer DB to get all building arm states...
2025-10-29 03:26:15,148 - services.proserver_service - ERROR - ProServer DB transaction error: ('IM002', '[IM002] [Microsoft][ODBC Driver Manager] Data source name not found and no default driver specified (0) (SQLDriverConnect)')
2025-10-29 03:26:15,149 - services.proserver_service - ERROR - Failed to query ProServer DB for building arm states: ('IM002', '[IM002] [Microsoft][ODBC Driver Manager] Data source name not found and no default driver specified (0) (SQLDriverConnect)')
2025-10-29 03:26:15,149 - services.cache_service - DEBUG - Getting value from cache for key: building_schedule_states
2025-10-29 03:26:15,150 - cache - INFO - Cache loaded from file.
2025-10-29 03:26:15,150 - services.proserver_service - INFO - Connecting to ProServer DB to get distinct buildings...
2025-10-29 03:26:15,151 - services.proserver_service - ERROR - ProServer DB transaction error: ('IM002', '[IM002] [Microsoft][ODBC Driver Manager] Data source name not found and no default driver specified (0) (SQLDriverConnect)')
2025-10-29 03:26:15,151 - services.proserver_service - ERROR - Failed to query ProServer DB for distinct buildings: ('IM002', '[IM002] [Microsoft][ODBC Driver Manager] Data source name not found and no default driver specified (0) (SQLDriverConnect)')
2025-10-29 03:26:15,151 - services.proevent_service - INFO - No buildings found in device list.
